TN:
SF:src/KipuBank.sol
DA:248,5
FN:248,KipuBank.constructor
FNDA:5,KipuBank.constructor
DA:259,5
DA:260,5
DA:261,5
DA:263,5
DA:264,5
DA:265,5
DA:266,5
DA:267,5
DA:272,1
FN:272,KipuBank.receive
FNDA:1,KipuBank.receive
DA:276,0
FN:276,KipuBank.fallback
FNDA:0,KipuBank.fallback
DA:284,5
FN:284,KipuBank.verifyConstructor
FNDA:5,KipuBank.verifyConstructor
DA:293,5
BRDA:293,0,0,-
DA:294,5
BRDA:294,1,0,-
DA:295,5
BRDA:295,2,0,-
DA:296,5
BRDA:296,3,0,-
DA:297,5
BRDA:297,4,0,-
DA:298,5
BRDA:298,5,0,-
DA:304,0
FN:304,KipuBank.onlyOwnerORole
FNDA:0,KipuBank.onlyOwnerORole
DA:305,0
BRDA:305,6,0,-
DA:306,0
DA:313,1
FN:313,KipuBank.verifyEthDeposit
FNDA:1,KipuBank.verifyEthDeposit
DA:314,1
BRDA:314,7,0,-
DA:315,1
BRDA:315,8,0,-
DA:316,1
BRDA:316,9,0,-
DA:322,1
FN:322,KipuBank.verifyUsdcAmount
FNDA:1,KipuBank.verifyUsdcAmount
DA:323,1
BRDA:323,10,0,-
DA:324,1
BRDA:324,11,0,-
DA:331,0
FN:331,KipuBank.verifyEthWithdraw
FNDA:0,KipuBank.verifyEthWithdraw
DA:332,0
DA:333,0
BRDA:333,12,0,-
DA:334,0
BRDA:334,13,0,-
DA:335,0
BRDA:335,14,0,-
DA:342,0
FN:342,KipuBank.verifyWithdrawUSDC
FNDA:0,KipuBank.verifyWithdrawUSDC
DA:343,0
BRDA:343,15,0,-
DA:344,0
BRDA:344,16,0,-
DA:345,0
BRDA:345,17,0,-
DA:349,0
FN:349,KipuBank.verifyTokenDeposit
FNDA:0,KipuBank.verifyTokenDeposit
DA:351,0
BRDA:351,18,0,-
DA:352,0
BRDA:352,19,0,-
DA:353,0
BRDA:353,20,0,-
DA:354,0
BRDA:354,21,0,-
DA:355,0
BRDA:355,22,0,-
DA:362,1
FN:362,KipuBank.chainLinkFeeds
FNDA:1,KipuBank.chainLinkFeeds
DA:363,1
DA:364,1
BRDA:364,23,0,-
DA:365,1
BRDA:365,24,0,-
DA:367,1
DA:374,1
FN:374,KipuBank.convertEthInUSD
FNDA:1,KipuBank.convertEthInUSD
DA:375,1
DA:382,0
FN:382,KipuBank._withdrawETH
FNDA:0,KipuBank._withdrawETH
DA:383,0
DA:384,0
DA:385,0
DA:386,0
DA:388,0
DA:390,0
DA:391,0
BRDA:391,25,0,-
DA:399,0
FN:399,KipuBank._withdrawUSDC
FNDA:0,KipuBank._withdrawUSDC
DA:400,0
DA:401,0
DA:402,0
DA:403,0
DA:404,0
DA:409,0
FN:409,KipuBank.withdrawETH
FNDA:0,KipuBank.withdrawETH
DA:410,0
DA:415,0
FN:415,KipuBank.withdrawUSDC
FNDA:0,KipuBank.withdrawUSDC
DA:416,0
DA:424,1
FN:424,KipuBank._depositETH
FNDA:1,KipuBank._depositETH
DA:425,1
DA:426,1
DA:427,1
DA:428,1
DA:433,1
FN:433,KipuBank.depositETH
FNDA:1,KipuBank.depositETH
DA:434,1
DA:435,1
DA:436,1
DA:443,1
FN:443,KipuBank.depositUSDC
FNDA:1,KipuBank.depositUSDC
DA:444,1
BRDA:444,26,0,-
DA:445,1
DA:446,1
DA:447,1
DA:448,1
DA:449,1
DA:457,0
FN:457,KipuBank.depositToken
FNDA:0,KipuBank.depositToken
DA:461,0
BRDA:461,27,0,-
DA:463,0
DA:464,0
DA:466,0
DA:467,0
DA:468,0
DA:470,0
DA:472,0
BRDA:472,28,0,-
DA:474,0
DA:482,0
BRDA:482,29,0,-
DA:484,0
DA:491,0
DA:492,0
DA:497,0
FN:497,KipuBank.approveToken
FNDA:0,KipuBank.approveToken
DA:498,0
BRDA:498,30,0,-
DA:499,0
BRDA:499,31,0,-
DA:500,0
BRDA:500,32,0,-
DA:501,0
DA:502,0
DA:507,0
FN:507,KipuBank.removeToken
FNDA:0,KipuBank.removeToken
DA:508,0
BRDA:508,33,0,-
DA:509,0
BRDA:509,34,0,-
DA:510,0
DA:511,0
DA:517,0
FN:517,KipuBank.isTokenAllowed
FNDA:0,KipuBank.isTokenAllowed
DA:518,0
DA:523,0
FN:523,KipuBank.viewAccountTotalBalance
FNDA:0,KipuBank.viewAccountTotalBalance
DA:524,0
DA:528,0
FN:528,KipuBank.viewDepositsCount
FNDA:0,KipuBank.viewDepositsCount
DA:529,0
DA:533,0
FN:533,KipuBank.viewWithdrawCount
FNDA:0,KipuBank.viewWithdrawCount
DA:534,0
DA:538,0
FN:538,KipuBank.viewContractBalance
FNDA:0,KipuBank.viewContractBalance
DA:539,0
DA:545,0
FN:545,KipuBank.transferTheOwnership
FNDA:0,KipuBank.transferTheOwnership
DA:547,0
DA:549,0
DA:550,0
DA:551,0
DA:553,0
DA:555,0
DA:556,0
DA:557,0
DA:559,0
DA:565,0
FN:565,KipuBank.setFeeds
FNDA:0,KipuBank.setFeeds
DA:566,0
BRDA:566,35,0,-
DA:568,0
BRDA:568,36,0,-
DA:571,0
BRDA:571,37,0,-
DA:572,0
BRDA:572,38,0,-
DA:574,0
DA:575,0
DA:576,0
DA:577,0
BRDA:577,36,1,-
DA:578,0
DA:584,0
FN:584,KipuBank.pauseContract
FNDA:0,KipuBank.pauseContract
DA:585,0
DA:586,0
DA:591,0
FN:591,KipuBank.unpauseContract
FNDA:0,KipuBank.unpauseContract
DA:592,0
DA:593,0
DA:599,0
FN:599,KipuBank.grantRole
FNDA:0,KipuBank.grantRole
DA:604,0
DA:605,0
DA:611,0
FN:611,KipuBank.revokeRole
FNDA:0,KipuBank.revokeRole
DA:616,0
DA:617,0
DA:622,0
FN:622,KipuBank.viewContractState
FNDA:0,KipuBank.viewContractState
DA:631,0
DA:643,0
FN:643,KipuBank.balanceOf
FNDA:0,KipuBank.balanceOf
DA:644,0
DA:648,0
FN:648,KipuBank.supportsInterface
FNDA:0,KipuBank.supportsInterface
DA:655,0
FNF:36
FNH:10
LF:157
LH:47
BRF:40
BRH:0
end_of_record
TN:
SF:test/BaseTest.t.sol
DA:37,5
FN:37,BaseTest.setUp
FNDA:5,BaseTest.setUp
DA:39,5
DA:40,5
DA:43,5
DA:52,5
DA:53,5
DA:54,5
DA:57,5
DA:59,5
DA:61,5
FNF:1
FNH:1
LF:10
LH:10
BRF:0
BRH:0
end_of_record
