TN:
SF:src/KipuBank.sol
DA:248,11
FN:248,KipuBank.constructor
FNDA:11,KipuBank.constructor
DA:259,11
DA:260,11
DA:261,11
DA:263,11
DA:264,11
DA:265,11
DA:266,11
DA:267,11
DA:272,1
FN:272,KipuBank.receive
FNDA:1,KipuBank.receive
DA:276,0
FN:276,KipuBank.fallback
FNDA:0,KipuBank.fallback
DA:284,11
FN:284,KipuBank.verifyConstructor
FNDA:11,KipuBank.verifyConstructor
DA:293,11
BRDA:293,0,0,-
DA:294,11
BRDA:294,1,0,-
DA:295,11
BRDA:295,2,0,-
DA:296,11
BRDA:296,3,0,-
DA:297,11
BRDA:297,4,0,-
DA:298,11
BRDA:298,5,0,-
DA:304,5
FN:304,KipuBank.onlyOwnerORole
FNDA:5,KipuBank.onlyOwnerORole
DA:305,5
BRDA:305,6,0,-
DA:306,0
DA:313,2
FN:313,KipuBank.verifyEthDeposit
FNDA:2,KipuBank.verifyEthDeposit
DA:314,2
BRDA:314,7,0,-
DA:315,2
BRDA:315,8,0,-
DA:316,2
BRDA:316,9,0,-
DA:322,2
FN:322,KipuBank.verifyUsdcAmount
FNDA:2,KipuBank.verifyUsdcAmount
DA:323,2
BRDA:323,10,0,-
DA:324,2
BRDA:324,11,0,-
DA:331,1
FN:331,KipuBank.verifyEthWithdraw
FNDA:1,KipuBank.verifyEthWithdraw
DA:332,1
DA:333,1
BRDA:333,12,0,-
DA:334,1
BRDA:334,13,0,-
DA:335,1
BRDA:335,14,0,-
DA:342,1
FN:342,KipuBank.verifyWithdrawUSDC
FNDA:1,KipuBank.verifyWithdrawUSDC
DA:343,1
BRDA:343,15,0,-
DA:344,1
BRDA:344,16,0,-
DA:345,1
BRDA:345,17,0,-
DA:349,1
FN:349,KipuBank.verifyTokenDeposit
FNDA:1,KipuBank.verifyTokenDeposit
DA:351,1
BRDA:351,18,0,-
DA:352,1
BRDA:352,19,0,-
DA:353,1
BRDA:353,20,0,-
DA:354,1
BRDA:354,21,0,-
DA:355,1
BRDA:355,22,0,-
DA:362,4
FN:362,KipuBank.chainLinkFeeds
FNDA:4,KipuBank.chainLinkFeeds
DA:363,4
DA:364,4
BRDA:364,23,0,-
DA:365,4
BRDA:365,24,0,-
DA:367,4
DA:374,4
FN:374,KipuBank.convertEthInUSD
FNDA:4,KipuBank.convertEthInUSD
DA:375,4
DA:382,1
FN:382,KipuBank._withdrawETH
FNDA:1,KipuBank._withdrawETH
DA:383,1
DA:384,1
DA:385,1
DA:386,1
DA:388,1
DA:390,1
DA:391,1
BRDA:391,25,0,-
DA:399,1
FN:399,KipuBank._withdrawUSDC
FNDA:1,KipuBank._withdrawUSDC
DA:400,1
DA:401,1
DA:402,1
DA:403,1
DA:404,1
DA:409,1
FN:409,KipuBank.withdrawETH
FNDA:1,KipuBank.withdrawETH
DA:410,1
DA:415,1
FN:415,KipuBank.withdrawUSDC
FNDA:1,KipuBank.withdrawUSDC
DA:416,1
DA:424,2
FN:424,KipuBank._depositETH
FNDA:2,KipuBank._depositETH
DA:425,2
DA:426,2
DA:427,2
DA:428,2
DA:433,2
FN:433,KipuBank.depositETH
FNDA:2,KipuBank.depositETH
DA:434,2
DA:435,2
DA:436,2
DA:443,2
FN:443,KipuBank.depositUSDC
FNDA:2,KipuBank.depositUSDC
DA:444,2
BRDA:444,26,0,-
DA:445,2
DA:446,2
DA:447,2
DA:448,2
DA:449,2
DA:457,1
FN:457,KipuBank.depositToken
FNDA:1,KipuBank.depositToken
DA:461,1
BRDA:461,27,0,-
DA:463,1
DA:464,1
DA:466,1
DA:467,1
DA:468,1
DA:470,1
DA:472,1
BRDA:472,28,0,-
DA:474,1
DA:482,1
BRDA:482,29,0,-
DA:484,1
DA:491,1
DA:492,1
DA:497,3
FN:497,KipuBank.approveToken
FNDA:3,KipuBank.approveToken
DA:498,3
BRDA:498,30,0,-
DA:499,3
BRDA:499,31,0,-
DA:500,0
BRDA:500,32,0,-
DA:501,3
DA:502,3
DA:507,1
FN:507,KipuBank.removeToken
FNDA:1,KipuBank.removeToken
DA:508,1
BRDA:508,33,0,-
DA:509,1
BRDA:509,34,0,-
DA:510,1
DA:511,1
DA:517,4
FN:517,KipuBank.isTokenAllowed
FNDA:4,KipuBank.isTokenAllowed
DA:518,4
DA:523,0
FN:523,KipuBank.viewAccountTotalBalance
FNDA:0,KipuBank.viewAccountTotalBalance
DA:524,0
DA:528,0
FN:528,KipuBank.viewDepositsCount
FNDA:0,KipuBank.viewDepositsCount
DA:529,0
DA:533,0
FN:533,KipuBank.viewWithdrawCount
FNDA:0,KipuBank.viewWithdrawCount
DA:534,0
DA:538,0
FN:538,KipuBank.viewContractBalance
FNDA:0,KipuBank.viewContractBalance
DA:539,0
DA:545,1
FN:545,KipuBank.transferOwnership
FNDA:1,KipuBank.transferOwnership
DA:547,1
DA:549,1
DA:550,1
DA:551,1
DA:553,1
DA:555,1
DA:556,1
DA:557,1
DA:559,1
DA:565,0
FN:565,KipuBank.setFeeds
FNDA:0,KipuBank.setFeeds
DA:566,0
BRDA:566,35,0,-
DA:568,0
BRDA:568,36,0,-
DA:571,0
BRDA:571,37,0,-
DA:572,0
BRDA:572,38,0,-
DA:574,0
DA:575,0
DA:576,0
DA:577,0
BRDA:577,36,1,-
DA:578,0
DA:584,5
FN:584,KipuBank.pauseContract
FNDA:5,KipuBank.pauseContract
DA:585,5
DA:586,5
DA:591,1
FN:591,KipuBank.unpauseContract
FNDA:1,KipuBank.unpauseContract
DA:592,1
DA:593,1
DA:599,0
FN:599,KipuBank.grantRole
FNDA:0,KipuBank.grantRole
DA:604,0
DA:605,0
DA:611,0
FN:611,KipuBank.revokeRole
FNDA:0,KipuBank.revokeRole
DA:616,0
DA:617,0
DA:622,1
FN:622,KipuBank.viewContractState
FNDA:1,KipuBank.viewContractState
DA:631,1
DA:643,1
FN:643,KipuBank.balanceOf
FNDA:1,KipuBank.balanceOf
DA:644,1
DA:648,0
FN:648,KipuBank.supportsInterface
FNDA:0,KipuBank.supportsInterface
DA:655,0
FNF:36
FNH:27
LF:157
LH:128
BRF:40
BRH:0
end_of_record
TN:
SF:test/BaseTest.t.sol
DA:38,11
FN:38,BaseTest.setUp
FNDA:11,BaseTest.setUp
DA:40,11
DA:41,11
DA:44,11
DA:53,11
DA:54,11
DA:55,11
DA:58,11
DA:60,11
DA:62,11
DA:64,2
FN:64,BaseTest._pauseAsOwner
FNDA:2,BaseTest._pauseAsOwner
DA:65,2
DA:68,2
FN:68,BaseTest._approveToken
FNDA:2,BaseTest._approveToken
DA:69,2
DA:70,2
DA:73,1
FN:73,BaseTest._unpauseAsOwner
FNDA:1,BaseTest._unpauseAsOwner
DA:74,1
FNF:4
FNH:4
LF:17
LH:17
BRF:0
BRH:0
end_of_record
